<?xml version="1.0" encoding="UTF-8"?>
<!-- Generated by org.testng.reporters.JUnitXMLReporter -->
<testsuite hostname="DESKTOP-ASB5QBL" name="Test" tests="2" failures="1" timestamp="26 Jan 2021 12:12:27 GMT" time="26.489" errors="0">
  <testcase name="orgEmpReg" time="7.747" classname="testNG.EmpReg_TestNG"/>
  <testcase name="orgUserReg" time="3.012" classname="testNG.UserReg_TestNG">
    <failure type="java.lang.NullPointerException">
      <![CDATA[java.lang.NullPointerException
	at testNG.UserReg_TestNG.orgUserReg(UserReg_TestNG.java:18)
... Removed 25 stack frames]]>
    </failure>
  </testcase> <!-- orgUserReg -->
</testsuite> <!-- Test -->
