<?xml version="1.0" encoding="UTF-8"?>
<testng-results skipped="0" failed="0" total="1" passed="1">
  <reporter-output>
  </reporter-output>
  <suite name="Default suite" duration-ms="44149" started-at="2021-01-28T04:06:52Z" finished-at="2021-01-28T04:07:36Z">
    <groups>
    </groups>
    <test name="Default test" duration-ms="44149" started-at="2021-01-28T04:06:52Z" finished-at="2021-01-28T04:07:36Z">
      <class name="pom.LoginTC_POM">
        <test-method status="PASS" signature="login()[pri:0, instance:pom.LoginTC_POM@d2cc05a]" name="login" duration-ms="44054" started-at="2021-01-28T09:36:52Z" finished-at="2021-01-28T09:37:36Z">
          <reporter-output>
          </reporter-output>
        </test-method> <!-- login -->
      </class> <!-- pom.LoginTC_POM -->
    </test> <!-- Default test -->
  </suite> <!-- Default suite -->
</testng-results>
